<?xml version="1.0" encoding="UTF-8"?>
<!-- Generated by org.testng.reporters.JUnitReportReporter -->
<testsuite hostname="DESKTOP-L9HG4QF" failures="0" tests="1" name="loginScript" time="4.669" errors="0" timestamp="2020-04-29T18:30:44 IST" skipped="0">
  <testcase classname="loginScript" name="browserLaunch" time="4.669"/>
</testsuite> <!-- loginScript -->
